2025-03-18 19:09:33,550 - salesforce.sync - DEBUG - Debug message 0
2025-03-18 19:09:33,550 - salesforce.sync - INFO - Info message 0
2025-03-18 19:09:33,551 - salesforce.sync - WARNING - Warning message 0
2025-03-18 19:09:33,551 - salesforce.sync - ERROR - Error message 0
2025-03-18 19:09:33,551 - salesforce.sync - DEBUG - Debug message 1
2025-03-18 19:09:33,551 - salesforce.sync - INFO - Info message 1
2025-03-18 19:09:33,551 - salesforce.sync - DEBUG - Debug message 2
2025-03-18 19:09:33,551 - salesforce.sync - INFO - Info message 2
2025-03-18 19:09:33,551 - salesforce.sync - DEBUG - Debug message 3
2025-03-18 19:09:33,552 - salesforce.sync - INFO - Info message 3
2025-03-18 19:09:33,552 - salesforce.sync - DEBUG - Debug message 4
2025-03-18 19:09:33,552 - salesforce.sync - INFO - Info message 4
2025-03-18 19:09:33,552 - salesforce.sync - DEBUG - Debug message 5
2025-03-18 19:09:33,552 - salesforce.sync - INFO - Info message 5
2025-03-18 19:09:33,553 - salesforce.sync - DEBUG - Debug message 6
2025-03-18 19:09:33,553 - salesforce.sync - INFO - Info message 6
2025-03-18 19:09:33,553 - salesforce.sync - DEBUG - Debug message 7
2025-03-18 19:09:33,553 - salesforce.sync - INFO - Info message 7
2025-03-18 19:09:33,553 - salesforce.sync - DEBUG - Debug message 8
2025-03-18 19:09:33,553 - salesforce.sync - INFO - Info message 8
2025-03-18 19:09:33,553 - salesforce.sync - DEBUG - Debug message 9
2025-03-18 19:09:33,553 - salesforce.sync - INFO - Info message 9
2025-03-18 19:09:33,553 - salesforce.sync - DEBUG - Debug message 10
2025-03-18 19:09:33,553 - salesforce.sync - INFO - Info message 10
2025-03-18 19:09:33,553 - salesforce.sync - WARNING - Warning message 10
2025-03-18 19:09:33,555 - salesforce.sync - DEBUG - Debug message 11
2025-03-18 19:09:33,555 - salesforce.sync - INFO - Info message 11
2025-03-18 19:09:33,555 - salesforce.sync - DEBUG - Debug message 12
2025-03-18 19:09:33,555 - salesforce.sync - INFO - Info message 12
2025-03-18 19:09:33,555 - salesforce.sync - DEBUG - Debug message 13
2025-03-18 19:09:33,555 - salesforce.sync - INFO - Info message 13
2025-03-18 19:09:33,555 - salesforce.sync - DEBUG - Debug message 14
2025-03-18 19:09:33,555 - salesforce.sync - INFO - Info message 14
2025-03-18 19:09:33,555 - salesforce.sync - DEBUG - Debug message 15
2025-03-18 19:09:33,555 - salesforce.sync - INFO - Info message 15
2025-03-18 19:09:33,555 - salesforce.sync - DEBUG - Debug message 16
2025-03-18 19:09:33,555 - salesforce.sync - INFO - Info message 16
2025-03-18 19:09:33,556 - salesforce.sync - DEBUG - Debug message 17
2025-03-18 19:09:33,556 - salesforce.sync - INFO - Info message 17
2025-03-18 19:09:33,556 - salesforce.sync - DEBUG - Debug message 18
2025-03-18 19:09:33,556 - salesforce.sync - INFO - Info message 18
2025-03-18 19:09:33,556 - salesforce.sync - DEBUG - Debug message 19
2025-03-18 19:09:33,556 - salesforce.sync - INFO - Info message 19
2025-03-18 19:09:33,556 - salesforce.sync - DEBUG - Debug message 20
2025-03-18 19:09:33,556 - salesforce.sync - INFO - Info message 20
2025-03-18 19:09:33,556 - salesforce.sync - WARNING - Warning message 20
2025-03-18 19:09:33,557 - salesforce.sync - ERROR - Error message 20
2025-03-18 19:09:33,557 - salesforce.sync - DEBUG - Debug message 21
2025-03-18 19:09:33,557 - salesforce.sync - INFO - Info message 21
2025-03-18 19:09:33,557 - salesforce.sync - DEBUG - Debug message 22
2025-03-18 19:09:33,557 - salesforce.sync - INFO - Info message 22
2025-03-18 19:09:33,557 - salesforce.sync - DEBUG - Debug message 23
2025-03-18 19:09:33,557 - salesforce.sync - INFO - Info message 23
2025-03-18 19:09:33,557 - salesforce.sync - DEBUG - Debug message 24
2025-03-18 19:09:33,557 - salesforce.sync - INFO - Info message 24
2025-03-18 19:09:33,558 - salesforce.sync - DEBUG - Debug message 25
2025-03-18 19:09:33,558 - salesforce.sync - INFO - Info message 25
2025-03-18 19:09:33,558 - salesforce.sync - DEBUG - Debug message 26
2025-03-18 19:09:33,558 - salesforce.sync - INFO - Info message 26
2025-03-18 19:09:33,558 - salesforce.sync - DEBUG - Debug message 27
2025-03-18 19:09:33,558 - salesforce.sync - INFO - Info message 27
2025-03-18 19:09:33,558 - salesforce.sync - DEBUG - Debug message 28
2025-03-18 19:09:33,558 - salesforce.sync - INFO - Info message 28
2025-03-18 19:09:33,558 - salesforce.sync - DEBUG - Debug message 29
2025-03-18 19:09:33,559 - salesforce.sync - INFO - Info message 29
2025-03-18 19:09:33,559 - salesforce.sync - DEBUG - Debug message 30
2025-03-18 19:09:33,559 - salesforce.sync - INFO - Info message 30
2025-03-18 19:09:33,559 - salesforce.sync - WARNING - Warning message 30
2025-03-18 19:09:33,559 - salesforce.sync - DEBUG - Debug message 31
2025-03-18 19:09:33,559 - salesforce.sync - INFO - Info message 31
2025-03-18 19:09:33,559 - salesforce.sync - DEBUG - Debug message 32
2025-03-18 19:09:33,559 - salesforce.sync - INFO - Info message 32
2025-03-18 19:09:33,559 - salesforce.sync - DEBUG - Debug message 33
2025-03-18 19:09:33,560 - salesforce.sync - INFO - Info message 33
2025-03-18 19:09:33,560 - salesforce.sync - DEBUG - Debug message 34
2025-03-18 19:09:33,560 - salesforce.sync - INFO - Info message 34
2025-03-18 19:09:33,560 - salesforce.sync - DEBUG - Debug message 35
2025-03-18 19:09:33,560 - salesforce.sync - INFO - Info message 35
2025-03-18 19:09:33,560 - salesforce.sync - DEBUG - Debug message 36
2025-03-18 19:09:33,560 - salesforce.sync - INFO - Info message 36
2025-03-18 19:09:33,560 - salesforce.sync - DEBUG - Debug message 37
2025-03-18 19:09:33,561 - salesforce.sync - INFO - Info message 37
2025-03-18 19:09:33,561 - salesforce.sync - DEBUG - Debug message 38
2025-03-18 19:09:33,561 - salesforce.sync - INFO - Info message 38
2025-03-18 19:09:33,561 - salesforce.sync - DEBUG - Debug message 39
2025-03-18 19:09:33,561 - salesforce.sync - INFO - Info message 39
2025-03-18 19:09:33,561 - salesforce.sync - DEBUG - Debug message 40
2025-03-18 19:09:33,561 - salesforce.sync - INFO - Info message 40
2025-03-18 19:09:33,562 - salesforce.sync - WARNING - Warning message 40
2025-03-18 19:09:33,562 - salesforce.sync - ERROR - Error message 40
2025-03-18 19:09:33,562 - salesforce.sync - DEBUG - Debug message 41
2025-03-18 19:09:33,562 - salesforce.sync - INFO - Info message 41
2025-03-18 19:09:33,562 - salesforce.sync - DEBUG - Debug message 42
2025-03-18 19:09:33,562 - salesforce.sync - INFO - Info message 42
2025-03-18 19:09:33,563 - salesforce.sync - DEBUG - Debug message 43
2025-03-18 19:09:33,563 - salesforce.sync - INFO - Info message 43
2025-03-18 19:09:33,563 - salesforce.sync - DEBUG - Debug message 44
2025-03-18 19:09:33,563 - salesforce.sync - INFO - Info message 44
2025-03-18 19:09:33,563 - salesforce.sync - DEBUG - Debug message 45
2025-03-18 19:09:33,563 - salesforce.sync - INFO - Info message 45
2025-03-18 19:09:33,563 - salesforce.sync - DEBUG - Debug message 46
2025-03-18 19:09:33,563 - salesforce.sync - INFO - Info message 46
2025-03-18 19:09:33,563 - salesforce.sync - DEBUG - Debug message 47
2025-03-18 19:09:33,563 - salesforce.sync - INFO - Info message 47
2025-03-18 19:09:33,563 - salesforce.sync - DEBUG - Debug message 48
2025-03-18 19:09:33,563 - salesforce.sync - INFO - Info message 48
2025-03-18 19:09:33,565 - salesforce.sync - DEBUG - Debug message 49
2025-03-18 19:09:33,565 - salesforce.sync - INFO - Info message 49
2025-03-18 19:09:33,565 - salesforce.sync - DEBUG - Debug message 50
2025-03-18 19:09:33,565 - salesforce.sync - INFO - Info message 50
2025-03-18 19:09:33,565 - salesforce.sync - WARNING - Warning message 50
2025-03-18 19:09:33,565 - salesforce.sync - DEBUG - Debug message 51
2025-03-18 19:09:33,565 - salesforce.sync - INFO - Info message 51
2025-03-18 19:09:33,565 - salesforce.sync - DEBUG - Debug message 52
2025-03-18 19:09:33,566 - salesforce.sync - INFO - Info message 52
2025-03-18 19:09:33,566 - salesforce.sync - DEBUG - Debug message 53
2025-03-18 19:09:33,566 - salesforce.sync - INFO - Info message 53
2025-03-18 19:09:33,566 - salesforce.sync - DEBUG - Debug message 54
2025-03-18 19:09:33,566 - salesforce.sync - INFO - Info message 54
2025-03-18 19:09:33,566 - salesforce.sync - DEBUG - Debug message 55
2025-03-18 19:09:33,566 - salesforce.sync - INFO - Info message 55
2025-03-18 19:09:33,566 - salesforce.sync - DEBUG - Debug message 56
2025-03-18 19:09:33,566 - salesforce.sync - INFO - Info message 56
2025-03-18 19:09:33,567 - salesforce.sync - DEBUG - Debug message 57
2025-03-18 19:09:33,567 - salesforce.sync - INFO - Info message 57
2025-03-18 19:09:33,567 - salesforce.sync - DEBUG - Debug message 58
2025-03-18 19:09:33,567 - salesforce.sync - INFO - Info message 58
2025-03-18 19:09:33,567 - salesforce.sync - DEBUG - Debug message 59
2025-03-18 19:09:33,567 - salesforce.sync - INFO - Info message 59
2025-03-18 19:09:33,567 - salesforce.sync - DEBUG - Debug message 60
2025-03-18 19:09:33,567 - salesforce.sync - INFO - Info message 60
2025-03-18 19:09:33,567 - salesforce.sync - WARNING - Warning message 60
2025-03-18 19:09:33,568 - salesforce.sync - ERROR - Error message 60
2025-03-18 19:09:33,568 - salesforce.sync - DEBUG - Debug message 61
2025-03-18 19:09:33,568 - salesforce.sync - INFO - Info message 61
2025-03-18 19:09:33,568 - salesforce.sync - DEBUG - Debug message 62
2025-03-18 19:09:33,568 - salesforce.sync - INFO - Info message 62
2025-03-18 19:09:33,568 - salesforce.sync - DEBUG - Debug message 63
2025-03-18 19:09:33,568 - salesforce.sync - INFO - Info message 63
2025-03-18 19:09:33,568 - salesforce.sync - DEBUG - Debug message 64
2025-03-18 19:09:33,568 - salesforce.sync - INFO - Info message 64
2025-03-18 19:09:33,569 - salesforce.sync - DEBUG - Debug message 65
2025-03-18 19:09:33,569 - salesforce.sync - INFO - Info message 65
2025-03-18 19:09:33,569 - salesforce.sync - DEBUG - Debug message 66
2025-03-18 19:09:33,569 - salesforce.sync - INFO - Info message 66
2025-03-18 19:09:33,569 - salesforce.sync - DEBUG - Debug message 67
2025-03-18 19:09:33,569 - salesforce.sync - INFO - Info message 67
2025-03-18 19:09:33,569 - salesforce.sync - DEBUG - Debug message 68
2025-03-18 19:09:33,569 - salesforce.sync - INFO - Info message 68
2025-03-18 19:09:33,569 - salesforce.sync - DEBUG - Debug message 69
2025-03-18 19:09:33,570 - salesforce.sync - INFO - Info message 69
2025-03-18 19:09:33,570 - salesforce.sync - DEBUG - Debug message 70
2025-03-18 19:09:33,570 - salesforce.sync - INFO - Info message 70
2025-03-18 19:09:33,570 - salesforce.sync - WARNING - Warning message 70
2025-03-18 19:09:33,570 - salesforce.sync - DEBUG - Debug message 71
2025-03-18 19:09:33,570 - salesforce.sync - INFO - Info message 71
2025-03-18 19:09:33,570 - salesforce.sync - DEBUG - Debug message 72
2025-03-18 19:09:33,570 - salesforce.sync - INFO - Info message 72
2025-03-18 19:09:33,571 - salesforce.sync - DEBUG - Debug message 73
2025-03-18 19:09:33,571 - salesforce.sync - INFO - Info message 73
2025-03-18 19:09:33,571 - salesforce.sync - DEBUG - Debug message 74
2025-03-18 19:09:33,571 - salesforce.sync - INFO - Info message 74
2025-03-18 19:09:33,571 - salesforce.sync - DEBUG - Debug message 75
2025-03-18 19:09:33,571 - salesforce.sync - INFO - Info message 75
2025-03-18 19:09:33,571 - salesforce.sync - DEBUG - Debug message 76
2025-03-18 19:09:33,571 - salesforce.sync - INFO - Info message 76
2025-03-18 19:09:33,571 - salesforce.sync - DEBUG - Debug message 77
2025-03-18 19:09:33,571 - salesforce.sync - INFO - Info message 77
2025-03-18 19:09:33,572 - salesforce.sync - DEBUG - Debug message 78
2025-03-18 19:09:33,572 - salesforce.sync - INFO - Info message 78
2025-03-18 19:09:33,572 - salesforce.sync - DEBUG - Debug message 79
2025-03-18 19:09:33,572 - salesforce.sync - INFO - Info message 79
2025-03-18 19:09:33,572 - salesforce.sync - DEBUG - Debug message 80
2025-03-18 19:09:33,572 - salesforce.sync - INFO - Info message 80
2025-03-18 19:09:33,572 - salesforce.sync - WARNING - Warning message 80
2025-03-18 19:09:33,572 - salesforce.sync - ERROR - Error message 80
2025-03-18 19:09:33,573 - salesforce.sync - DEBUG - Debug message 81
2025-03-18 19:09:33,573 - salesforce.sync - INFO - Info message 81
2025-03-18 19:09:33,573 - salesforce.sync - DEBUG - Debug message 82
2025-03-18 19:09:33,573 - salesforce.sync - INFO - Info message 82
2025-03-18 19:09:33,573 - salesforce.sync - DEBUG - Debug message 83
2025-03-18 19:09:33,573 - salesforce.sync - INFO - Info message 83
2025-03-18 19:09:33,573 - salesforce.sync - DEBUG - Debug message 84
2025-03-18 19:09:33,573 - salesforce.sync - INFO - Info message 84
2025-03-18 19:09:33,573 - salesforce.sync - DEBUG - Debug message 85
2025-03-18 19:09:33,573 - salesforce.sync - INFO - Info message 85
2025-03-18 19:09:33,574 - salesforce.sync - DEBUG - Debug message 86
2025-03-18 19:09:33,574 - salesforce.sync - INFO - Info message 86
2025-03-18 19:09:33,574 - salesforce.sync - DEBUG - Debug message 87
2025-03-18 19:09:33,574 - salesforce.sync - INFO - Info message 87
2025-03-18 19:09:33,574 - salesforce.sync - DEBUG - Debug message 88
2025-03-18 19:09:33,574 - salesforce.sync - INFO - Info message 88
2025-03-18 19:09:33,574 - salesforce.sync - DEBUG - Debug message 89
2025-03-18 19:09:33,574 - salesforce.sync - INFO - Info message 89
2025-03-18 19:09:33,574 - salesforce.sync - DEBUG - Debug message 90
2025-03-18 19:09:33,575 - salesforce.sync - INFO - Info message 90
2025-03-18 19:09:33,575 - salesforce.sync - WARNING - Warning message 90
2025-03-18 19:09:33,575 - salesforce.sync - DEBUG - Debug message 91
2025-03-18 19:09:33,575 - salesforce.sync - INFO - Info message 91
2025-03-18 19:09:33,575 - salesforce.sync - DEBUG - Debug message 92
2025-03-18 19:09:33,575 - salesforce.sync - INFO - Info message 92
2025-03-18 19:09:33,575 - salesforce.sync - DEBUG - Debug message 93
2025-03-18 19:09:33,575 - salesforce.sync - INFO - Info message 93
2025-03-18 19:09:33,576 - salesforce.sync - DEBUG - Debug message 94
2025-03-18 19:09:33,576 - salesforce.sync - INFO - Info message 94
2025-03-18 19:09:33,576 - salesforce.sync - DEBUG - Debug message 95
2025-03-18 19:09:33,576 - salesforce.sync - INFO - Info message 95
2025-03-18 19:09:33,576 - salesforce.sync - DEBUG - Debug message 96
2025-03-18 19:09:33,576 - salesforce.sync - INFO - Info message 96
2025-03-18 19:09:33,576 - salesforce.sync - DEBUG - Debug message 97
2025-03-18 19:09:33,577 - salesforce.sync - INFO - Info message 97
2025-03-18 19:09:33,577 - salesforce.sync - DEBUG - Debug message 98
2025-03-18 19:09:33,577 - salesforce.sync - INFO - Info message 98
2025-03-18 19:09:33,577 - salesforce.sync - DEBUG - Debug message 99
2025-03-18 19:09:33,577 - salesforce.sync - INFO - Info message 99
2025-03-18 19:09:33,577 - salesforce.sync - INFO - This is an info message
2025-03-18 19:09:33,577 - salesforce.sync - DEBUG - This is a debug message
2025-03-18 19:09:33,577 - salesforce.sync - WARNING - This is a warning message
2025-03-18 19:09:33,578 - salesforce.sync - ERROR - This is an error message
